Start testing: Oct 04 12:40 EDT
----------------------------------------------------------
1/5 Testing: dummy_test.pass_test
1/5 Test: dummy_test.pass_test
Command: "/home/rishie/Documents/Semester-3/ENPM 700/TDD/pid-controller-tdd/build/test/pid-test" "--gtest_filter=dummy_test.pass_test" "--gtest_also_run_disabled_tests"
Directory: /home/rishie/Documents/Semester-3/ENPM 700/TDD/pid-controller-tdd/build/test
"dummy_test.pass_test" start time: Oct 04 12:40 EDT
Output:
----------------------------------------------------------
Note: Google Test filter = dummy_test.pass_test
[==========] Running 1 test from 1 test suite.
[----------] Global test environment set-up.
[----------] 1 test from dummy_test
[ RUN      ] dummy_test.pass_test
[       OK ] dummy_test.pass_test (0 ms)
[----------] 1 test from dummy_test (0 ms total)

[----------] Global test environment tear-down
[==========] 1 test from 1 test suite ran. (0 ms total)
[  PASSED  ] 1 test.
<end of output>
Test time =   0.00 sec
----------------------------------------------------------
Test Passed.
"dummy_test.pass_test" end time: Oct 04 12:40 EDT
"dummy_test.pass_test" time elapsed: 00:00:00
----------------------------------------------------------

2/5 Testing: PID_Test.testing_for_min
2/5 Test: PID_Test.testing_for_min
Command: "/home/rishie/Documents/Semester-3/ENPM 700/TDD/pid-controller-tdd/build/test/pid-test" "--gtest_filter=PID_Test.testing_for_min" "--gtest_also_run_disabled_tests"
Directory: /home/rishie/Documents/Semester-3/ENPM 700/TDD/pid-controller-tdd/build/test
"PID_Test.testing_for_min" start time: Oct 04 12:40 EDT
Output:
----------------------------------------------------------
Note: Google Test filter = PID_Test.testing_for_min
[==========] Running 1 test from 1 test suite.
[----------] Global test environment set-up.
[----------] 1 test from PID_Test
[ RUN      ] PID_Test.testing_for_min
/home/rishie/Documents/Semester-3/ENPM 700/TDD/pid-controller-tdd/test/test.cpp:29: Failure
The difference between pid_test_obj.calculate(setpoint, pv) and -25.0 is 25, which exceeds 0.0001, where
pid_test_obj.calculate(setpoint, pv) evaluates to 0,
-25.0 evaluates to -25, and
0.0001 evaluates to 0.0001.

[  FAILED  ] PID_Test.testing_for_min (0 ms)
[----------] 1 test from PID_Test (0 ms total)

[----------] Global test environment tear-down
[==========] 1 test from 1 test suite ran. (0 ms total)
[  PASSED  ] 0 tests.
[  FAILED  ] 1 test, listed below:
[  FAILED  ] PID_Test.testing_for_min

 1 FAILED TEST
<end of output>
Test time =   0.00 sec
----------------------------------------------------------
Test Failed.
"PID_Test.testing_for_min" end time: Oct 04 12:40 EDT
"PID_Test.testing_for_min" time elapsed: 00:00:00
----------------------------------------------------------

3/5 Testing: PID_Test.testing_for_max
3/5 Test: PID_Test.testing_for_max
Command: "/home/rishie/Documents/Semester-3/ENPM 700/TDD/pid-controller-tdd/build/test/pid-test" "--gtest_filter=PID_Test.testing_for_max" "--gtest_also_run_disabled_tests"
Directory: /home/rishie/Documents/Semester-3/ENPM 700/TDD/pid-controller-tdd/build/test
"PID_Test.testing_for_max" start time: Oct 04 12:40 EDT
Output:
----------------------------------------------------------
Note: Google Test filter = PID_Test.testing_for_max
[==========] Running 1 test from 1 test suite.
[----------] Global test environment set-up.
[----------] 1 test from PID_Test
[ RUN      ] PID_Test.testing_for_max
/home/rishie/Documents/Semester-3/ENPM 700/TDD/pid-controller-tdd/test/test.cpp:40: Failure
The difference between pid_test_obj.calculate(setpoint, pv) and 25.0 is 25, which exceeds 0.0001, where
pid_test_obj.calculate(setpoint, pv) evaluates to 0,
25.0 evaluates to 25, and
0.0001 evaluates to 0.0001.

[  FAILED  ] PID_Test.testing_for_max (0 ms)
[----------] 1 test from PID_Test (0 ms total)

[----------] Global test environment tear-down
[==========] 1 test from 1 test suite ran. (0 ms total)
[  PASSED  ] 0 tests.
[  FAILED  ] 1 test, listed below:
[  FAILED  ] PID_Test.testing_for_max

 1 FAILED TEST
<end of output>
Test time =   0.00 sec
----------------------------------------------------------
Test Failed.
"PID_Test.testing_for_max" end time: Oct 04 12:40 EDT
"PID_Test.testing_for_max" time elapsed: 00:00:00
----------------------------------------------------------

4/5 Testing: PID_Test.testing_for_zero
4/5 Test: PID_Test.testing_for_zero
Command: "/home/rishie/Documents/Semester-3/ENPM 700/TDD/pid-controller-tdd/build/test/pid-test" "--gtest_filter=PID_Test.testing_for_zero" "--gtest_also_run_disabled_tests"
Directory: /home/rishie/Documents/Semester-3/ENPM 700/TDD/pid-controller-tdd/build/test
"PID_Test.testing_for_zero" start time: Oct 04 12:40 EDT
Output:
----------------------------------------------------------
Note: Google Test filter = PID_Test.testing_for_zero
[==========] Running 1 test from 1 test suite.
[----------] Global test environment set-up.
[----------] 1 test from PID_Test
[ RUN      ] PID_Test.testing_for_zero
[       OK ] PID_Test.testing_for_zero (0 ms)
[----------] 1 test from PID_Test (0 ms total)

[----------] Global test environment tear-down
[==========] 1 test from 1 test suite ran. (0 ms total)
[  PASSED  ] 1 test.
<end of output>
Test time =   0.00 sec
----------------------------------------------------------
Test Passed.
"PID_Test.testing_for_zero" end time: Oct 04 12:40 EDT
"PID_Test.testing_for_zero" time elapsed: 00:00:00
----------------------------------------------------------

5/5 Testing: PID_Test.for_test_value
5/5 Test: PID_Test.for_test_value
Command: "/home/rishie/Documents/Semester-3/ENPM 700/TDD/pid-controller-tdd/build/test/pid-test" "--gtest_filter=PID_Test.for_test_value" "--gtest_also_run_disabled_tests"
Directory: /home/rishie/Documents/Semester-3/ENPM 700/TDD/pid-controller-tdd/build/test
"PID_Test.for_test_value" start time: Oct 04 12:40 EDT
Output:
----------------------------------------------------------
Note: Google Test filter = PID_Test.for_test_value
[==========] Running 1 test from 1 test suite.
[----------] Global test environment set-up.
[----------] 1 test from PID_Test
[ RUN      ] PID_Test.for_test_value
/home/rishie/Documents/Semester-3/ENPM 700/TDD/pid-controller-tdd/test/test.cpp:62: Failure
The difference between pid_test_obj.calculate(setpoint, pv) and -5.0 is 5, which exceeds 0.0001, where
pid_test_obj.calculate(setpoint, pv) evaluates to 0,
-5.0 evaluates to -5, and
0.0001 evaluates to 0.0001.

[  FAILED  ] PID_Test.for_test_value (0 ms)
[----------] 1 test from PID_Test (0 ms total)

[----------] Global test environment tear-down
[==========] 1 test from 1 test suite ran. (0 ms total)
[  PASSED  ] 0 tests.
[  FAILED  ] 1 test, listed below:
[  FAILED  ] PID_Test.for_test_value

 1 FAILED TEST
<end of output>
Test time =   0.00 sec
----------------------------------------------------------
Test Failed.
"PID_Test.for_test_value" end time: Oct 04 12:40 EDT
"PID_Test.for_test_value" time elapsed: 00:00:00
----------------------------------------------------------

End testing: Oct 04 12:40 EDT
